<?xml version="1.0" encoding="UTF-8"?>
<!-- Generated by org.testng.reporters.JUnitXMLReporter -->
<testsuite hostname="DESKTOP-1BDQC6B" ignored="0" name="Open Account Test" tests="1" failures="1" timestamp="07 Jun 2020 16:01:34 GMT" time="2.772" errors="0">
  <testcase name="openAccountTest" time="2.448" classname="testcases.OpenAccountTest">
    <failure type="java.lang.AssertionError" message="Open Account Test failed">
      <![CDATA[java.lang.AssertionError: Open Account Test failed
at testcases.OpenAccountTest.openAccountTest(OpenAccountTest.java:27)
... Removed 26 stack frames]]>
    </failure>
  </testcase> <!-- openAccountTest -->
</testsuite> <!-- Open Account Test -->
