





<!DOCTYPE html>
<html>

<head>
    <meta charset="utf-8">
    <meta name="viewport" content="width=device-width, initial-scale=1, shrink-to-fit=no">
    <title>D:\workspaces\02May2020Selenium\DataDrivenProject\target\reports\Extent_Sun_Jun_07_22_33_08_IST_2020.html</title>
        <link rel="apple-touch-icon" href="https://cdn.jsdelivr.net/gh/extent-framework/extent-github-cdn@b00a2d0486596e73dd7326beacf352c639623a0e/commons/img/logo.png">
        <link rel="shortcut icon" href="https://cdn.jsdelivr.net/gh/extent-framework/extent-github-cdn@b00a2d0486596e73dd7326beacf352c639623a0e/commons/img/logo.png">
	    <link href="https://cdn.jsdelivr.net/gh/extent-framework/extent-github-cdn@7e408aed24af91e1ad76f49a74ecfa0ef1d97cfb/spark/css/spark-style.css" rel="stylesheet" />
        <link href="https://stackpath.bootstrapcdn.com/font-awesome/4.7.0/css/font-awesome.min.css" rel="stylesheet">
<style type="text/css">

</style></head>    <script src="https://cdn.rawgit.com/extent-framework/extent-github-cdn/7cc78ce/spark/js/jsontree.js"></script>
<body class="spa -report standard">
    <div class="app header-dark side-nav-folded">
        <div class="layout">
<div class="header navbar">
    <div class="header-container">
        <div class="nav-logo">
          <a href="index.html">
            <div class="logo logo-dark" style="background-image: url('https://cdn.rawgit.com/extent-framework/extent-github-cdn/d74480e/commons/img/logo.png')"></div>
            <div class="logo logo-white" style="background-image: url('https://cdn.rawgit.com/extent-framework/extent-github-cdn/d74480e/commons/img/logo.png')"></div>
          </a>
        </div>
        <ul class="nav-left">
          <li>
            <a class="sidenav-fold-toggler" href="javascript:void(0);">
              <i class="fa fa-bars"></i>
            </a>
            <a class="sidenav-expand-toggler" href="javascript:void(0);">
              <i class="fa fa-bars"></i>
            </a>
          </li>
          <li class="search-box">
            <a class="search-toggle" href="javascript:void(0);">
              <i class="search-icon fa fa-search"></i>
              <i class="search-icon-close fa fa-close"></i>
            </a>
          </li>
          <li class="search-input">
            <input id="search-tests" class="form-control" type="text" placeholder="Type to search...">
          </li>
        </ul>
        <ul class="nav-right">
          <li class="m-r-10">
            <a href="#">
              <span class="badge badge-primary">D:\workspaces\02May2020Selenium\DataDrivenProject\target\reports\Extent_Sun_Jun_07_22_33_08_IST_2020.html</span>
            </a>
          </li>
            <li class="m-r-10">
                <a href="#">
                    <span class="badge badge-primary">Jun 7, 2020 10:33:09 PM</span>
                </a>
            </li>
        </ul>
    </div>
</div><div class="side-nav side-nav-folded">
  <div class="side-nav-inner">
    <ul class="side-nav-menu scrollable">
      <li class="nav-item dropdown" onclick="toggleView('test-view')">
        <a id="nav-test" class="dropdown-toggle" href="index.html">
          <span class="icon-holder">
            <i class="fa fa-align-left"></i>
          </span>
          <span class="title">Tests</span>
        </a>
      </li>
            <li class="nav-item dropdown" onclick="toggleView('dashboard-view')">
        <a id="nav-dashboard" class="dropdown-toggle" href="dashboard.html">
          <span class="icon-holder">
            <i class="fa fa-bar-chart"></i>
          </span>
          <span class="title">Dashboard</span>
        </a>
      </li>
    </ul>
  </div>
</div>            <div class="page-container">
                <div class="main-content">
<div class="test-wrapper row test-view">
	<div class="test-list">
		<div class="test-list-tools">
			<ul class="tools pull-left">
				<li>
					<a href="">
					<span class="font-size-14">Tests</span>
					</a>
				</li>
			</ul>
			<ul class="tools text-right">
				<li class="user-profile dropdown dropdown-animated scale-left">
					<a href="#" class="dropdown-toggle" data-toggle="dropdown">
					<i class="fa fa-exclamation-circle"></i>
					</a>
					<ul id="status-toggle" class="dropdown-menu dropdown-md p-v-0">
						
						<a class="dropdown-item" status="fail" href="#"><span>Fail</span><span class="status danger pull-right"></span></a>
						
						
						
						
						<div class="dropdown-divider"></div>
						<a status="clear" class="dropdown-item" href="#"><span>Clear</span><span class="pull-right"><i class="fa fa-close"></i></span></a>
					</ul>
				</li>
			</ul>
		</div>
		<div class="test-list-wrapper scrollable">
			<ul class="test-list-item">
				<li class="test-item"  status="fail" test-id="1"
					author=""
					tag=""
					device="">
					<div class="status-avatar fail-bg">
						<i class="fa fa-times text-white"></i>
					</div>
					<div class="open-test">
						<div class="test-detail">
							<p class="name">testcases.BankManagerLoginTest     @TestCase : loginTest</p>
							<p class="duration text-sm">0h 0m 2s+844ms</p>
							<span class="datetime">22:33:17 PM</span>
						</div>
					</div>
					<div class="test-contents d-none">
						<div class="detail-head">
							<div class="p-v-10 d-inline-block">
								<div class="info">
									<h5 class="test-status text-fail">testcases.BankManagerLoginTest     @TestCase : loginTest</h5>
									<span class='badge badge-success'>06.07.2020 22:33:17</span>
									<span class='badge badge-danger'>06.07.2020 22:33:20</span>
									<span class='badge badge-default'>0h 0m 2s+844ms</span>
								</div>
								<div class="m-t-10 m-l-5">
									
								</div>
							</div>
						</div>
<div class="detail-body mt-4">                                              
<table class="table table-sm">
	<thead><tr>
		<th class="status-col">Status</th>
		<th class="timestamp-col">Timestamp</th>
		<th class="details-col">Details</th>
	</tr></thead>
	<tbody>
			<tr class="event-row">
				<td><i class="fa fa-info text-info"></i></td>
				<td>10:33:18 PM</td>
				<td>
						Clicking on an Element: bmlBtn_CSS
				</td>
			</tr>
			<tr class="event-row">
				<td><i class="fa fa-info text-info"></i></td>
				<td>10:33:18 PM</td>
				<td>
						Finding an Element: addCustBtn_CSS
				</td>
			</tr>
			<tr class="event-row">
				<td><i class="fa fa-times text-fail"></i></td>
				<td>10:33:20 PM</td>
				<td>
						[org.testng.Assert.fail(Assert.java:96), testcases.BankManagerLoginTest.loginTest(BankManagerLoginTest.java:27), sun.reflect.NativeMethodAccessorImpl.invoke0(Native Method), sun.reflect.NativeMethodAccessorImpl.invoke(NativeMethodAccessorImpl.java:62), sun.reflect.DelegatingMethodAccessorImpl.invoke(DelegatingMethodAccessorImpl.java:43), java.lang.reflect.Method.invoke(Method.java:498), org.testng.internal.MethodInvocationHelper.invokeMethod(MethodInvocationHelper.java:124), org.testng.internal.Invoker.invokeMethod(Invoker.java:583), org.testng.internal.Invoker.invokeTestMethod(Invoker.java:719), org.testng.internal.Invoker.invokeTestMethods(Invoker.java:989), org.testng.internal.TestMethodWorker.invokeTestMethods(TestMethodWorker.java:125), org.testng.internal.TestMethodWorker.run(TestMethodWorker.java:109), org.testng.TestRunner.privateRun(TestRunner.java:648), org.testng.TestRunner.run(TestRunner.java:505), org.testng.SuiteRunner.runTest(SuiteRunner.java:455), org.testng.SuiteRunner.runSequentially(SuiteRunner.java:450), org.testng.SuiteRunner.privateRun(SuiteRunner.java:415), org.testng.SuiteRunner.run(SuiteRunner.java:364), org.testng.SuiteRunnerWorker.runSuite(SuiteRunnerWorker.java:52), org.testng.SuiteRunnerWorker.run(SuiteRunnerWorker.java:84), org.testng.TestNG.runSuitesSequentially(TestNG.java:1208), org.testng.TestNG.runSuitesLocally(TestNG.java:1137), org.testng.TestNG.runSuites(TestNG.java:1049), org.testng.TestNG.run(TestNG.java:1017), org.apache.maven.surefire.testng.TestNGExecutor.run(TestNGExecutor.java:295), org.apache.maven.surefire.testng.TestNGXmlTestSuite.execute(TestNGXmlTestSuite.java:84), org.apache.maven.surefire.testng.TestNGProvider.invoke(TestNGProvider.java:90), org.apache.maven.surefire.booter.ForkedBooter.invokeProviderInSameClassLoader(ForkedBooter.java:203), org.apache.maven.surefire.booter.ForkedBooter.runSuitesInProcess(ForkedBooter.java:155), org.apache.maven.surefire.booter.ForkedBooter.main(ForkedBooter.java:103)]
				</td>
			</tr>
			<tr class="event-row">
				<td><i class="fa fa-times text-fail"></i></td>
				<td>10:33:20 PM</td>
				<td>
						<b><font color=red>Screenshot of failure</font></b><br>
						<img class='r-img' onerror='this.style.display="none"' data-featherlight='Sun_Jun_07_22_33_20_IST_2020.jpg' src='Sun_Jun_07_22_33_20_IST_2020.jpg'>
				</td>
			</tr>
			<tr class="event-row">
				<td><i class="fa fa-times text-fail"></i></td>
				<td>10:33:20 PM</td>
				<td>
						<span class='badge white-text red'><b>TEST CASE:- LOGINTEST FAILED</b></span>
				</td>
			</tr>
	</tbody>
</table>
</div>
					</div>
				</li>
				<li class="test-item"  status="fail" test-id="2"
					author=""
					tag=""
					device="">
					<div class="status-avatar fail-bg">
						<i class="fa fa-times text-white"></i>
					</div>
					<div class="open-test">
						<div class="test-detail">
							<p class="name">testcases.AddCustomerTest     @TestCase : addCustomerTest</p>
							<p class="duration text-sm">0h 0m 3s+751ms</p>
							<span class="datetime">22:33:21 PM</span>
						</div>
					</div>
					<div class="test-contents d-none">
						<div class="detail-head">
							<div class="p-v-10 d-inline-block">
								<div class="info">
									<h5 class="test-status text-fail">testcases.AddCustomerTest     @TestCase : addCustomerTest</h5>
									<span class='badge badge-success'>06.07.2020 22:33:21</span>
									<span class='badge badge-danger'>06.07.2020 22:33:25</span>
									<span class='badge badge-default'>0h 0m 3s+751ms</span>
								</div>
								<div class="m-t-10 m-l-5">
									
								</div>
							</div>
						</div>
<div class="detail-body mt-4">                                              
<table class="table table-sm">
	<thead><tr>
		<th class="status-col">Status</th>
		<th class="timestamp-col">Timestamp</th>
		<th class="details-col">Details</th>
	</tr></thead>
	<tbody>
			<tr class="event-row">
				<td><i class="fa fa-info text-info"></i></td>
				<td>10:33:21 PM</td>
				<td>
						Clicking on an Element: addCustBtn_CSS
				</td>
			</tr>
			<tr class="event-row">
				<td><i class="fa fa-info text-info"></i></td>
				<td>10:33:22 PM</td>
				<td>
						Typing in an Element: firstName_CSS entered the value as : Rahul
				</td>
			</tr>
			<tr class="event-row">
				<td><i class="fa fa-info text-info"></i></td>
				<td>10:33:22 PM</td>
				<td>
						Typing in an Element: lastName_CSS entered the value as : Arora
				</td>
			</tr>
			<tr class="event-row">
				<td><i class="fa fa-info text-info"></i></td>
				<td>10:33:22 PM</td>
				<td>
						Typing in an Element: postCode_CSS entered the value as : A234234
				</td>
			</tr>
			<tr class="event-row">
				<td><i class="fa fa-info text-info"></i></td>
				<td>10:33:23 PM</td>
				<td>
						Clicking on an Element: addCustomer_CSS
				</td>
			</tr>
			<tr class="event-row">
				<td><i class="fa fa-times text-fail"></i></td>
				<td>10:33:25 PM</td>
				<td>
						[org.testng.Assert.fail(Assert.java:96), testcases.AddCustomerTest.addCustomerTest(AddCustomerTest.java:26), sun.reflect.NativeMethodAccessorImpl.invoke0(Native Method), sun.reflect.NativeMethodAccessorImpl.invoke(NativeMethodAccessorImpl.java:62), sun.reflect.DelegatingMethodAccessorImpl.invoke(DelegatingMethodAccessorImpl.java:43), java.lang.reflect.Method.invoke(Method.java:498), org.testng.internal.MethodInvocationHelper.invokeMethod(MethodInvocationHelper.java:124), org.testng.internal.Invoker.invokeMethod(Invoker.java:583), org.testng.internal.Invoker.invokeTestMethod(Invoker.java:719), org.testng.internal.Invoker.invokeTestMethods(Invoker.java:989), org.testng.internal.TestMethodWorker.invokeTestMethods(TestMethodWorker.java:125), org.testng.internal.TestMethodWorker.run(TestMethodWorker.java:109), org.testng.TestRunner.privateRun(TestRunner.java:648), org.testng.TestRunner.run(TestRunner.java:505), org.testng.SuiteRunner.runTest(SuiteRunner.java:455), org.testng.SuiteRunner.runSequentially(SuiteRunner.java:450), org.testng.SuiteRunner.privateRun(SuiteRunner.java:415), org.testng.SuiteRunner.run(SuiteRunner.java:364), org.testng.SuiteRunnerWorker.runSuite(SuiteRunnerWorker.java:52), org.testng.SuiteRunnerWorker.run(SuiteRunnerWorker.java:84), org.testng.TestNG.runSuitesSequentially(TestNG.java:1208), org.testng.TestNG.runSuitesLocally(TestNG.java:1137), org.testng.TestNG.runSuites(TestNG.java:1049), org.testng.TestNG.run(TestNG.java:1017), org.apache.maven.surefire.testng.TestNGExecutor.run(TestNGExecutor.java:295), org.apache.maven.surefire.testng.TestNGXmlTestSuite.execute(TestNGXmlTestSuite.java:84), org.apache.maven.surefire.testng.TestNGProvider.invoke(TestNGProvider.java:90), org.apache.maven.surefire.booter.ForkedBooter.invokeProviderInSameClassLoader(ForkedBooter.java:203), org.apache.maven.surefire.booter.ForkedBooter.runSuitesInProcess(ForkedBooter.java:155), org.apache.maven.surefire.booter.ForkedBooter.main(ForkedBooter.java:103)]
				</td>
			</tr>
			<tr class="event-row">
				<td><i class="fa fa-times text-fail"></i></td>
				<td>10:33:25 PM</td>
				<td>
						<b><font color=red>Screenshot of failure</font></b><br>
						<img class='r-img' onerror='this.style.display="none"' data-featherlight='Sun_Jun_07_22_33_25_IST_2020.jpg' src='Sun_Jun_07_22_33_25_IST_2020.jpg'>
				</td>
			</tr>
			<tr class="event-row">
				<td><i class="fa fa-times text-fail"></i></td>
				<td>10:33:25 PM</td>
				<td>
						<span class='badge white-text red'><b>TEST CASE:- ADDCUSTOMERTEST FAILED</b></span>
				</td>
			</tr>
	</tbody>
</table>
</div>
					</div>
				</li>
				<li class="test-item"  status="fail" test-id="3"
					author=""
					tag=""
					device="">
					<div class="status-avatar fail-bg">
						<i class="fa fa-times text-white"></i>
					</div>
					<div class="open-test">
						<div class="test-detail">
							<p class="name">testcases.AddCustomerTest     @TestCase : addCustomerTest</p>
							<p class="duration text-sm">0h 0m 2s+709ms</p>
							<span class="datetime">22:33:25 PM</span>
						</div>
					</div>
					<div class="test-contents d-none">
						<div class="detail-head">
							<div class="p-v-10 d-inline-block">
								<div class="info">
									<h5 class="test-status text-fail">testcases.AddCustomerTest     @TestCase : addCustomerTest</h5>
									<span class='badge badge-success'>06.07.2020 22:33:25</span>
									<span class='badge badge-danger'>06.07.2020 22:33:28</span>
									<span class='badge badge-default'>0h 0m 2s+709ms</span>
								</div>
								<div class="m-t-10 m-l-5">
									
								</div>
							</div>
						</div>
<div class="detail-body mt-4">                                              
<table class="table table-sm">
	<thead><tr>
		<th class="status-col">Status</th>
		<th class="timestamp-col">Timestamp</th>
		<th class="details-col">Details</th>
	</tr></thead>
	<tbody>
			<tr class="event-row">
				<td><i class="fa fa-info text-info"></i></td>
				<td>10:33:25 PM</td>
				<td>
						Clicking on an Element: addCustBtn_CSS
				</td>
			</tr>
			<tr class="event-row">
				<td><i class="fa fa-info text-info"></i></td>
				<td>10:33:25 PM</td>
				<td>
						Typing in an Element: firstName_CSS entered the value as : Raman
				</td>
			</tr>
			<tr class="event-row">
				<td><i class="fa fa-info text-info"></i></td>
				<td>10:33:25 PM</td>
				<td>
						Typing in an Element: lastName_CSS entered the value as : Arora
				</td>
			</tr>
			<tr class="event-row">
				<td><i class="fa fa-info text-info"></i></td>
				<td>10:33:25 PM</td>
				<td>
						Typing in an Element: postCode_CSS entered the value as : A24324
				</td>
			</tr>
			<tr class="event-row">
				<td><i class="fa fa-info text-info"></i></td>
				<td>10:33:25 PM</td>
				<td>
						Clicking on an Element: addCustomer_CSS
				</td>
			</tr>
			<tr class="event-row">
				<td><i class="fa fa-times text-fail"></i></td>
				<td>10:33:28 PM</td>
				<td>
						[org.testng.Assert.fail(Assert.java:96), testcases.AddCustomerTest.addCustomerTest(AddCustomerTest.java:26), sun.reflect.NativeMethodAccessorImpl.invoke0(Native Method), sun.reflect.NativeMethodAccessorImpl.invoke(NativeMethodAccessorImpl.java:62), sun.reflect.DelegatingMethodAccessorImpl.invoke(DelegatingMethodAccessorImpl.java:43), java.lang.reflect.Method.invoke(Method.java:498), org.testng.internal.MethodInvocationHelper.invokeMethod(MethodInvocationHelper.java:124), org.testng.internal.Invoker.invokeMethod(Invoker.java:583), org.testng.internal.Invoker.invokeTestMethod(Invoker.java:719), org.testng.internal.Invoker.invokeTestMethods(Invoker.java:989), org.testng.internal.TestMethodWorker.invokeTestMethods(TestMethodWorker.java:125), org.testng.internal.TestMethodWorker.run(TestMethodWorker.java:109), org.testng.TestRunner.privateRun(TestRunner.java:648), org.testng.TestRunner.run(TestRunner.java:505), org.testng.SuiteRunner.runTest(SuiteRunner.java:455), org.testng.SuiteRunner.runSequentially(SuiteRunner.java:450), org.testng.SuiteRunner.privateRun(SuiteRunner.java:415), org.testng.SuiteRunner.run(SuiteRunner.java:364), org.testng.SuiteRunnerWorker.runSuite(SuiteRunnerWorker.java:52), org.testng.SuiteRunnerWorker.run(SuiteRunnerWorker.java:84), org.testng.TestNG.runSuitesSequentially(TestNG.java:1208), org.testng.TestNG.runSuitesLocally(TestNG.java:1137), org.testng.TestNG.runSuites(TestNG.java:1049), org.testng.TestNG.run(TestNG.java:1017), org.apache.maven.surefire.testng.TestNGExecutor.run(TestNGExecutor.java:295), org.apache.maven.surefire.testng.TestNGXmlTestSuite.execute(TestNGXmlTestSuite.java:84), org.apache.maven.surefire.testng.TestNGProvider.invoke(TestNGProvider.java:90), org.apache.maven.surefire.booter.ForkedBooter.invokeProviderInSameClassLoader(ForkedBooter.java:203), org.apache.maven.surefire.booter.ForkedBooter.runSuitesInProcess(ForkedBooter.java:155), org.apache.maven.surefire.booter.ForkedBooter.main(ForkedBooter.java:103)]
				</td>
			</tr>
			<tr class="event-row">
				<td><i class="fa fa-times text-fail"></i></td>
				<td>10:33:28 PM</td>
				<td>
						<b><font color=red>Screenshot of failure</font></b><br>
						<img class='r-img' onerror='this.style.display="none"' data-featherlight='Sun_Jun_07_22_33_27_IST_2020.jpg' src='Sun_Jun_07_22_33_27_IST_2020.jpg'>
				</td>
			</tr>
			<tr class="event-row">
				<td><i class="fa fa-times text-fail"></i></td>
				<td>10:33:28 PM</td>
				<td>
						<span class='badge white-text red'><b>TEST CASE:- ADDCUSTOMERTEST FAILED</b></span>
				</td>
			</tr>
	</tbody>
</table>
</div>
					</div>
				</li>
				<li class="test-item"  status="fail" test-id="4"
					author=""
					tag=""
					device="">
					<div class="status-avatar fail-bg">
						<i class="fa fa-times text-white"></i>
					</div>
					<div class="open-test">
						<div class="test-detail">
							<p class="name">testcases.AddCustomerTest     @TestCase : addCustomerTest</p>
							<p class="duration text-sm">0h 0m 2s+748ms</p>
							<span class="datetime">22:33:28 PM</span>
						</div>
					</div>
					<div class="test-contents d-none">
						<div class="detail-head">
							<div class="p-v-10 d-inline-block">
								<div class="info">
									<h5 class="test-status text-fail">testcases.AddCustomerTest     @TestCase : addCustomerTest</h5>
									<span class='badge badge-success'>06.07.2020 22:33:28</span>
									<span class='badge badge-danger'>06.07.2020 22:33:30</span>
									<span class='badge badge-default'>0h 0m 2s+748ms</span>
								</div>
								<div class="m-t-10 m-l-5">
									
								</div>
							</div>
						</div>
<div class="detail-body mt-4">                                              
<table class="table table-sm">
	<thead><tr>
		<th class="status-col">Status</th>
		<th class="timestamp-col">Timestamp</th>
		<th class="details-col">Details</th>
	</tr></thead>
	<tbody>
			<tr class="event-row">
				<td><i class="fa fa-info text-info"></i></td>
				<td>10:33:28 PM</td>
				<td>
						Clicking on an Element: addCustBtn_CSS
				</td>
			</tr>
			<tr class="event-row">
				<td><i class="fa fa-info text-info"></i></td>
				<td>10:33:28 PM</td>
				<td>
						Typing in an Element: firstName_CSS entered the value as : Cory
				</td>
			</tr>
			<tr class="event-row">
				<td><i class="fa fa-info text-info"></i></td>
				<td>10:33:28 PM</td>
				<td>
						Typing in an Element: lastName_CSS entered the value as : Paul
				</td>
			</tr>
			<tr class="event-row">
				<td><i class="fa fa-info text-info"></i></td>
				<td>10:33:28 PM</td>
				<td>
						Typing in an Element: postCode_CSS entered the value as : E34343
				</td>
			</tr>
			<tr class="event-row">
				<td><i class="fa fa-info text-info"></i></td>
				<td>10:33:28 PM</td>
				<td>
						Clicking on an Element: addCustomer_CSS
				</td>
			</tr>
			<tr class="event-row">
				<td><i class="fa fa-times text-fail"></i></td>
				<td>10:33:30 PM</td>
				<td>
						[org.testng.Assert.fail(Assert.java:96), testcases.AddCustomerTest.addCustomerTest(AddCustomerTest.java:26), sun.reflect.NativeMethodAccessorImpl.invoke0(Native Method), sun.reflect.NativeMethodAccessorImpl.invoke(NativeMethodAccessorImpl.java:62), sun.reflect.DelegatingMethodAccessorImpl.invoke(DelegatingMethodAccessorImpl.java:43), java.lang.reflect.Method.invoke(Method.java:498), org.testng.internal.MethodInvocationHelper.invokeMethod(MethodInvocationHelper.java:124), org.testng.internal.Invoker.invokeMethod(Invoker.java:583), org.testng.internal.Invoker.invokeTestMethod(Invoker.java:719), org.testng.internal.Invoker.invokeTestMethods(Invoker.java:989), org.testng.internal.TestMethodWorker.invokeTestMethods(TestMethodWorker.java:125), org.testng.internal.TestMethodWorker.run(TestMethodWorker.java:109), org.testng.TestRunner.privateRun(TestRunner.java:648), org.testng.TestRunner.run(TestRunner.java:505), org.testng.SuiteRunner.runTest(SuiteRunner.java:455), org.testng.SuiteRunner.runSequentially(SuiteRunner.java:450), org.testng.SuiteRunner.privateRun(SuiteRunner.java:415), org.testng.SuiteRunner.run(SuiteRunner.java:364), org.testng.SuiteRunnerWorker.runSuite(SuiteRunnerWorker.java:52), org.testng.SuiteRunnerWorker.run(SuiteRunnerWorker.java:84), org.testng.TestNG.runSuitesSequentially(TestNG.java:1208), org.testng.TestNG.runSuitesLocally(TestNG.java:1137), org.testng.TestNG.runSuites(TestNG.java:1049), org.testng.TestNG.run(TestNG.java:1017), org.apache.maven.surefire.testng.TestNGExecutor.run(TestNGExecutor.java:295), org.apache.maven.surefire.testng.TestNGXmlTestSuite.execute(TestNGXmlTestSuite.java:84), org.apache.maven.surefire.testng.TestNGProvider.invoke(TestNGProvider.java:90), org.apache.maven.surefire.booter.ForkedBooter.invokeProviderInSameClassLoader(ForkedBooter.java:203), org.apache.maven.surefire.booter.ForkedBooter.runSuitesInProcess(ForkedBooter.java:155), org.apache.maven.surefire.booter.ForkedBooter.main(ForkedBooter.java:103)]
				</td>
			</tr>
			<tr class="event-row">
				<td><i class="fa fa-times text-fail"></i></td>
				<td>10:33:30 PM</td>
				<td>
						<b><font color=red>Screenshot of failure</font></b><br>
						<img class='r-img' onerror='this.style.display="none"' data-featherlight='Sun_Jun_07_22_33_30_IST_2020.jpg' src='Sun_Jun_07_22_33_30_IST_2020.jpg'>
				</td>
			</tr>
			<tr class="event-row">
				<td><i class="fa fa-times text-fail"></i></td>
				<td>10:33:30 PM</td>
				<td>
						<span class='badge white-text red'><b>TEST CASE:- ADDCUSTOMERTEST FAILED</b></span>
				</td>
			</tr>
	</tbody>
</table>
</div>
					</div>
				</li>
				<li class="test-item"  status="fail" test-id="5"
					author=""
					tag=""
					device="">
					<div class="status-avatar fail-bg">
						<i class="fa fa-times text-white"></i>
					</div>
					<div class="open-test">
						<div class="test-detail">
							<p class="name">testcases.OpenAccountTest     @TestCase : openAccountTest</p>
							<p class="duration text-sm">0h 0m 2s+785ms</p>
							<span class="datetime">22:33:30 PM</span>
						</div>
					</div>
					<div class="test-contents d-none">
						<div class="detail-head">
							<div class="p-v-10 d-inline-block">
								<div class="info">
									<h5 class="test-status text-fail">testcases.OpenAccountTest     @TestCase : openAccountTest</h5>
									<span class='badge badge-success'>06.07.2020 22:33:30</span>
									<span class='badge badge-danger'>06.07.2020 22:33:33</span>
									<span class='badge badge-default'>0h 0m 2s+785ms</span>
								</div>
								<div class="m-t-10 m-l-5">
									
								</div>
							</div>
						</div>
<div class="detail-body mt-4">                                              
<table class="table table-sm">
	<thead><tr>
		<th class="status-col">Status</th>
		<th class="timestamp-col">Timestamp</th>
		<th class="details-col">Details</th>
	</tr></thead>
	<tbody>
			<tr class="event-row">
				<td><i class="fa fa-info text-info"></i></td>
				<td>10:33:30 PM</td>
				<td>
						Clicking on an Element: openAccBtn_CSS
				</td>
			</tr>
			<tr class="event-row">
				<td><i class="fa fa-info text-info"></i></td>
				<td>10:33:31 PM</td>
				<td>
						Selecting the value from dropdown customer_CSS  selected value as : Rahul Arora
				</td>
			</tr>
			<tr class="event-row">
				<td><i class="fa fa-info text-info"></i></td>
				<td>10:33:31 PM</td>
				<td>
						Selecting the value from dropdown currency_CSS  selected value as : Rupee
				</td>
			</tr>
			<tr class="event-row">
				<td><i class="fa fa-info text-info"></i></td>
				<td>10:33:31 PM</td>
				<td>
						Clicking on an Element: process_CSS
				</td>
			</tr>
			<tr class="event-row">
				<td><i class="fa fa-times text-fail"></i></td>
				<td>10:33:33 PM</td>
				<td>
						[org.testng.Assert.fail(Assert.java:96), testcases.OpenAccountTest.openAccountTest(OpenAccountTest.java:27), sun.reflect.NativeMethodAccessorImpl.invoke0(Native Method), sun.reflect.NativeMethodAccessorImpl.invoke(NativeMethodAccessorImpl.java:62), sun.reflect.DelegatingMethodAccessorImpl.invoke(DelegatingMethodAccessorImpl.java:43), java.lang.reflect.Method.invoke(Method.java:498), org.testng.internal.MethodInvocationHelper.invokeMethod(MethodInvocationHelper.java:124), org.testng.internal.Invoker.invokeMethod(Invoker.java:583), org.testng.internal.Invoker.invokeTestMethod(Invoker.java:719), org.testng.internal.Invoker.invokeTestMethods(Invoker.java:989), org.testng.internal.TestMethodWorker.invokeTestMethods(TestMethodWorker.java:125), org.testng.internal.TestMethodWorker.run(TestMethodWorker.java:109), org.testng.TestRunner.privateRun(TestRunner.java:648), org.testng.TestRunner.run(TestRunner.java:505), org.testng.SuiteRunner.runTest(SuiteRunner.java:455), org.testng.SuiteRunner.runSequentially(SuiteRunner.java:450), org.testng.SuiteRunner.privateRun(SuiteRunner.java:415), org.testng.SuiteRunner.run(SuiteRunner.java:364), org.testng.SuiteRunnerWorker.runSuite(SuiteRunnerWorker.java:52), org.testng.SuiteRunnerWorker.run(SuiteRunnerWorker.java:84), org.testng.TestNG.runSuitesSequentially(TestNG.java:1208), org.testng.TestNG.runSuitesLocally(TestNG.java:1137), org.testng.TestNG.runSuites(TestNG.java:1049), org.testng.TestNG.run(TestNG.java:1017), org.apache.maven.surefire.testng.TestNGExecutor.run(TestNGExecutor.java:295), org.apache.maven.surefire.testng.TestNGXmlTestSuite.execute(TestNGXmlTestSuite.java:84), org.apache.maven.surefire.testng.TestNGProvider.invoke(TestNGProvider.java:90), org.apache.maven.surefire.booter.ForkedBooter.invokeProviderInSameClassLoader(ForkedBooter.java:203), org.apache.maven.surefire.booter.ForkedBooter.runSuitesInProcess(ForkedBooter.java:155), org.apache.maven.surefire.booter.ForkedBooter.main(ForkedBooter.java:103)]
				</td>
			</tr>
			<tr class="event-row">
				<td><i class="fa fa-times text-fail"></i></td>
				<td>10:33:33 PM</td>
				<td>
						<b><font color=red>Screenshot of failure</font></b><br>
						<img class='r-img' onerror='this.style.display="none"' data-featherlight='Sun_Jun_07_22_33_33_IST_2020.jpg' src='Sun_Jun_07_22_33_33_IST_2020.jpg'>
				</td>
			</tr>
			<tr class="event-row">
				<td><i class="fa fa-times text-fail"></i></td>
				<td>10:33:33 PM</td>
				<td>
						<span class='badge white-text red'><b>TEST CASE:- OPENACCOUNTTEST FAILED</b></span>
				</td>
			</tr>
	</tbody>
</table>
</div>
					</div>
				</li>
			</ul>
		</div>
	</div>
	<div class="test-content scrollable">
		<div class="test-content-tools">
			<ul>
				<li>
					<a class="back-to-test" href="javascript:void(0)">
					<i class="fa fa-arrow-left"></i>
					</a>
				</li>
			</ul>
		</div>
		<div class="test-content-detail">
			<div class="detail-body"></div>
		</div>
	</div>
</div>                    <!-- dashboard -->
<div class="container-fluid p-4 dashboard-view">
	<div class="row">
		<div class="col-md-6">
			<div class="card">
				<div class="card-header">
					<h6 class="card-title">Tests</h6>
				</div>
				<div class="card-body">
					<div class="">
						<canvas id='parent-analysis' width='115' height='90'></canvas>
					</div>
				</div>
				<div class="card-footer">
					<div><small data-tooltip='0%'>
						<b>0</b> tests passed
						</small>
					</div>
					<div>
						<small data-tooltip='100%'><b>5</b> tests failed, 
						<b>0</b> skipped, <b data-tooltip='0%'>0</b> others
						</small>
					</div>
				</div>
			</div>
		</div>
		<div class="col-md-6">
			<div class="card">
				<div class="card-header">
					<h6 class="card-title">Log events</h6>
				</div>
				<div class="card-body">
					<div class="">
						<canvas id='events-analysis' width='115' height='90'></canvas>
					</div>
				</div>
				<div class="card-footer">
					<div><small data-tooltip='0%'><b>0</b> events passed</small></div>
					<div>
						<small data-tooltip='41.667%'><b>15</b> events failed, 
						<b data-tooltip='58.333%'>21</b> others
						</small>
					</div>
				</div>
			</div>
		</div>
	</div>
	<div class="row">
		<div class="col-md-3">
			<div class="card">
				<div class="card-body box-height-150">
					<div class="media justify-content-between">
						<div class="card-header">
							<h6 class="card-title">Tests</h6>
							<h2 class="font-size-28 font-weight-light mt-3">5</h2>
							<span class="text-semibold text-success font-size-15">
							<i class="ti-arrow-up font-size-11"></i> 
							<span>.00%</span>
							</span>
						</div>
						<div class="align-self-end">
							<i class="fa fa-align-left font-size-70 opacity-01"></i>
						</div>
					</div>
				</div>
			</div>
		</div>
		<div class="col-md-3">
			<div class="card">
				<div class="card-body box-height-150">
					<div class="media justify-content-between">
						<div class="card-header">
							<h6 class="card-title">Start</h6>
							<h4 class="font-weight-light mt-4">Jun 7, 2020 10:33:09 PM</h4>
							<span class="text-semibold text-success font-size-15">
						</div>
						<div class="align-self-end">
							<i class="fa fa-clock-o font-size-70 text-success opacity-01"></i>
						</div>
					</div>
				</div>
			</div>
		</div>
		<div class="col-md-3">
			<div class="card">
				<div class="card-body box-height-150">
					<div class="media justify-content-between">
						<div class="card-header">
							<h6 class="card-title">Duration</h6>
							<h4 class="font-weight-light mt-4">0h 0m 24s+585ms</h4>
							<span class="text-semibold font-size-15">
						</div>
						<div class="align-self-end">
							<i class="fa fa-clock-o font-size-70 opacity-01"></i>
						</div>
					</div>
				</div>
			</div>
		</div>
	</div>
	<div class="row">
		<div class="col-md-12">
			<div class="card">
				<div class="card-header">
					<h6 class="card-title">Timeline</h6>
				</div>
				<div class="card-body">
					<div class="">
						<canvas id="timeline" height="120"></canvas>
					</div>
				</div>
			</div>
		</div>
	</div>
	<div class="row">
		<div class="col-md-4">
			<div class="card">
				<div class="card-header">
					<h6 class="card-title">Environment</h6>
				</div>
				<div class="table-overflow">
					<table class="table table-sm">
						<thead>
							<tr class="bg-gray">
								<th>Name</th>
								<th>Value</th>
							</tr>
						</thead>
						<tbody>
							<tr>
								<td>Automation Tester</td>
								<td>Rahul Arora</td>
							</tr>
							<tr>
								<td>Organization</td>
								<td>Way2Automation</td>
							</tr>
							<tr>
								<td>Build no</td>
								<td>W2A-1234</td>
							</tr>
						</tbody>
					</table>
				</div>
			</div>
		</div>
	</div>
</div>
<script>
	var statusGroup = {
	    parentCount: 5,
		passParent: 0,
		failParent: 5,
		fatalParent: 0,
		errorParent: 0,
		warningParent: 0,
		skipParent: 0,
		exceptionsParent: 5,
		childCount: 0,
		passChild: 0,
		failChild: 0,
		fatalChild: 0,
		errorChild: 0,
		warningChild: 0,
		skipChild: 0,
		infoChild: 0,
		debugChild: 0,
		exceptionsChild: 0,
		grandChildCount: 0,
		passGrandChild: 0,
		failGrandChild: 0,
		fatalGrandChild: 0,
		errorGrandChild: 0,
		warningGrandChild: 0,
		skipGrandChild: 0,
		infoGrandChild: 0,
		debugGrandChild: 0,
		exceptionsGrandChild: 0,
		eventsCount: 36,
		passEvents: 0,
		failEvents: 15,
		fatalEvents: 0,
		errorEvents: 0,
		warningEvents: 0,
		skipEvents: 0,
		infoEvents: 21,
		debugEvents: 0,
		exceptionsEvents: 0
	};
</script>
<script>
	var timeline = {
	        "testcases.BankManagerLoginTest     @TestCase : loginTest":2.844,"testcases.AddCustomerTest     @TestCase : addCustomerTest":3.751,"testcases.AddCustomerTest     @TestCase : addCustomerTest":2.709,"testcases.AddCustomerTest     @TestCase : addCustomerTest":2.748,"testcases.OpenAccountTest     @TestCase : openAccountTest":2.785
	};
</script>
                </div>
            </div>
        </div>
    </div>
    <script src="https://cdn.jsdelivr.net/gh/extent-framework/extent-github-cdn@ac7abbc71b4bb073da00153a5a3fdbcfe0c95e2a/spark/js/spark-script.js"></script>
<script type="text/javascript">


</script></body>
</html>