-------------------------------------------------------------------------------
Test set: TestSuite
-------------------------------------------------------------------------------
Tests run: 5, Failures: 5, Errors: 0, Skipped: 0, Time elapsed: 25.912 sec <<< FAILURE! - in TestSuite
loginTest(testcases.BankManagerLoginTest)  Time elapsed: 2.849 sec  <<< FAILURE!
java.lang.AssertionError: Bank Manager Test failed
	at org.testng.Assert.fail(Assert.java:96)
	at testcases.BankManagerLoginTest.loginTest(BankManagerLoginTest.java:27)

addCustomerTest(testcases.AddCustomerTest)  Time elapsed: 3.75 sec  <<< FAILURE!
java.lang.AssertionError: Add Customer Test failed
	at org.testng.Assert.fail(Assert.java:96)
	at testcases.AddCustomerTest.addCustomerTest(AddCustomerTest.java:26)

addCustomerTest(testcases.AddCustomerTest)  Time elapsed: 2.718 sec  <<< FAILURE!
java.lang.AssertionError: Add Customer Test failed
	at org.testng.Assert.fail(Assert.java:96)
	at testcases.AddCustomerTest.addCustomerTest(AddCustomerTest.java:26)

addCustomerTest(testcases.AddCustomerTest)  Time elapsed: 2.74 sec  <<< FAILURE!
java.lang.AssertionError: Add Customer Test failed
	at org.testng.Assert.fail(Assert.java:96)
	at testcases.AddCustomerTest.addCustomerTest(AddCustomerTest.java:26)

openAccountTest(testcases.OpenAccountTest)  Time elapsed: 2.784 sec  <<< FAILURE!
java.lang.AssertionError: Open Account Test failed
	at org.testng.Assert.fail(Assert.java:96)
	at testcases.OpenAccountTest.openAccountTest(OpenAccountTest.java:27)

