<!DOCTYPE html PUBLIC "-//W3C//DTD XHTML 1.1//EN" "http://www.w3.org/TR/xhtml11/DTD/xhtml11.dtd">
<html xmlns="http://www.w3.org/1999/xhtml">
<head>
<meta http-equiv="content-type" content="text/html; charset=UTF-8"/>
<title>TestNG Report</title>
<style type="text/css">table {margin-bottom:10px;border-collapse:collapse;empty-cells:show}th,td {border:1px solid #009;padding:.25em .5em}th {vertical-align:bottom}td {vertical-align:top}table a {font-weight:bold}.stripe td {background-color: #E6EBF9}.num {text-align:right}.passedodd td {background-color: #3F3}.passedeven td {background-color: #0A0}.skippedodd td {background-color: #DDD}.skippedeven td {background-color: #CCC}.failedodd td,.attn {background-color: #F33}.failedeven td,.stripe .attn {background-color: #D00}.stacktrace {white-space:pre;font-family:monospace}.totop {font-size:85%;text-align:center;border-bottom:2px solid #000}.invisible {display:none}</style>
</head>
<body>
<table>
<tr><th>Test</th><th># Passed</th><th># Skipped</th><th># Failed</th><th>Time (ms)</th><th>Included Groups</th><th>Excluded Groups</th></tr>
<tr><th colspan="7">Data Driven Test</th></tr>
<tr><td><a href="#t0">Bank Manager Login Test</a></td><td class="num">0</td><td class="num">0</td><td class="num attn">1</td><td class="num">2,620</td><td></td><td></td></tr>
<tr class="stripe"><td><a href="#t1">Add Customer Test</a></td><td class="num">0</td><td class="num">0</td><td class="num attn">3</td><td class="num">8,180</td><td></td><td></td></tr>
<tr><td><a href="#t2">Open Account Test</a></td><td class="num">0</td><td class="num">0</td><td class="num attn">1</td><td class="num">2,772</td><td></td><td></td></tr>
<tr><th>Total</th><th class="num">0</th><th class="num">0</th><th class="num attn">5</th><th class="num">13,572</th><th colspan="2"></th></tr>
</table>
<table id='summary'><thead><tr><th>Class</th><th>Method</th><th>Start</th><th>Time (ms)</th></tr></thead><tbody><tr><th colspan="4">Data Driven Test</th></tr></tbody><tbody id="t0"><tr><th colspan="4">Bank Manager Login Test &#8212; failed</th></tr><tr class="failedeven"><td rowspan="1">testcases.BankManagerLoginTest</td><td><a href="#m0">loginTest</a></td><td rowspan="1">1591545680899</td><td rowspan="1">2222</td></tr></tbody>
<tbody id="t1"><tr><th colspan="4">Add Customer Test &#8212; failed</th></tr><tr class="failedeven"><td rowspan="3">testcases.AddCustomerTest</td><td><a href="#m1">addCustomerTest</a></td><td rowspan="3">1591545689450</td><td rowspan="3">2260</td></tr><tr class="failedeven"><td><a href="#m2">addCustomerTest</a></td></tr><tr class="failedeven"><td><a href="#m3">addCustomerTest</a></td></tr></tbody>
<tbody id="t2"><tr><th colspan="4">Open Account Test &#8212; failed</th></tr><tr class="failedeven"><td rowspan="1">testcases.OpenAccountTest</td><td><a href="#m4">openAccountTest</a></td><td rowspan="1">1591545692066</td><td rowspan="1">2448</td></tr></tbody>
</table>
<h2>Bank Manager Login Test</h2><h3 id="m0">testcases.BankManagerLoginTest#loginTest</h3><table class="result"><tr><th>Messages</th></tr><tr><td><div class="messages"><a href=Sun_Jun_07_21_31_23_IST_2020.jpg target="_blank">Screenshot link</a><br/><br><br/><a href=Sun_Jun_07_21_31_23_IST_2020.jpg target="_blank"><img src=Sun_Jun_07_21_31_23_IST_2020.jpg height=200 width=200></a></div></td></tr><tr><th>Exception</th></tr><tr><td><div class="stacktrace">java.lang.AssertionError: Bank Manager Test failed
	at testcases.BankManagerLoginTest.loginTest(BankManagerLoginTest.java:27)
... Removed 26 stack frames</div></td></tr></table><p class="totop"><a href="#summary">back to summary</a></p>
<h2>Add Customer Test</h2><h3 id="m1">testcases.AddCustomerTest#addCustomerTest</h3><table class="result"><tr class="param"><th>Parameter #1</th><th>Parameter #2</th><th>Parameter #3</th></tr><tr class="param stripe"><td>Cory</td><td>Paul</td><td>E34343</td></tr><tr><th colspan="3">Messages</th></tr><tr><td colspan="3"><div class="messages"><a href=Sun_Jun_07_21_31_31_IST_2020.jpg target="_blank">Screenshot link</a><br/><br><br/><a href=Sun_Jun_07_21_31_31_IST_2020.jpg target="_blank"><img src=Sun_Jun_07_21_31_31_IST_2020.jpg height=200 width=200></a></div></td></tr><tr><th colspan="3">Exception</th></tr><tr><td colspan="3"><div class="stacktrace">java.lang.AssertionError: Add Customer Test failed
	at testcases.AddCustomerTest.addCustomerTest(AddCustomerTest.java:26)
... Removed 26 stack frames</div></td></tr></table><p class="totop"><a href="#summary">back to summary</a></p>
<h3 id="m2">testcases.AddCustomerTest#addCustomerTest</h3><table class="result"><tr class="param"><th>Parameter #1</th><th>Parameter #2</th><th>Parameter #3</th></tr><tr class="param stripe"><td>Rahul</td><td>Arora</td><td>A234234</td></tr><tr><th colspan="3">Messages</th></tr><tr><td colspan="3"><div class="messages"><a href=Sun_Jun_07_21_31_26_IST_2020.jpg target="_blank">Screenshot link</a><br/><br><br/><a href=Sun_Jun_07_21_31_26_IST_2020.jpg target="_blank"><img src=Sun_Jun_07_21_31_26_IST_2020.jpg height=200 width=200></a></div></td></tr><tr><th colspan="3">Exception</th></tr><tr><td colspan="3"><div class="stacktrace">java.lang.AssertionError: Add Customer Test failed
	at testcases.AddCustomerTest.addCustomerTest(AddCustomerTest.java:26)
... Removed 26 stack frames</div></td></tr></table><p class="totop"><a href="#summary">back to summary</a></p>
<h3 id="m3">testcases.AddCustomerTest#addCustomerTest</h3><table class="result"><tr class="param"><th>Parameter #1</th><th>Parameter #2</th><th>Parameter #3</th></tr><tr class="param stripe"><td>Raman</td><td>Arora</td><td>A24324</td></tr><tr><th colspan="3">Messages</th></tr><tr><td colspan="3"><div class="messages"><a href=Sun_Jun_07_21_31_29_IST_2020.jpg target="_blank">Screenshot link</a><br/><br><br/><a href=Sun_Jun_07_21_31_29_IST_2020.jpg target="_blank"><img src=Sun_Jun_07_21_31_29_IST_2020.jpg height=200 width=200></a></div></td></tr><tr><th colspan="3">Exception</th></tr><tr><td colspan="3"><div class="stacktrace">java.lang.AssertionError: Add Customer Test failed
	at testcases.AddCustomerTest.addCustomerTest(AddCustomerTest.java:26)
... Removed 26 stack frames</div></td></tr></table><p class="totop"><a href="#summary">back to summary</a></p>
<h2>Open Account Test</h2><h3 id="m4">testcases.OpenAccountTest#openAccountTest</h3><table class="result"><tr class="param"><th>Parameter #1</th><th>Parameter #2</th></tr><tr class="param stripe"><td>Rahul Arora</td><td>Rupee</td></tr><tr><th colspan="2">Messages</th></tr><tr><td colspan="2"><div class="messages"><a href=Sun_Jun_07_21_31_34_IST_2020.jpg target="_blank">Screenshot link</a><br/><br><br/><a href=Sun_Jun_07_21_31_34_IST_2020.jpg target="_blank"><img src=Sun_Jun_07_21_31_34_IST_2020.jpg height=200 width=200></a></div></td></tr><tr><th colspan="2">Exception</th></tr><tr><td colspan="2"><div class="stacktrace">java.lang.AssertionError: Open Account Test failed
	at testcases.OpenAccountTest.openAccountTest(OpenAccountTest.java:27)
... Removed 26 stack frames</div></td></tr></table><p class="totop"><a href="#summary">back to summary</a></p>
</body>
</html>
